C51 COMPILER V9.50a   ADC0809                                                              12/15/2016 09:38:55 PAGE 1   


C51 COMPILER V9.50a, COMPILATION OF MODULE ADC0809
OBJECT MODULE PLACED IN adc0809.OBJ
COMPILER INVOKED BY: D:\Keil\C51\BIN\C51.EXE adc0809.c BROWSE DEBUG OBJECTEXTEND

line level    source

   1          #include<reg52.h>
   2          #include <intrins.h>  //use for _nop_()
   3          #define UCHAR unsigned char
   4          #define uint unsigned int
   5          #define sint short int
   6          #define FOSC 11059200
   7          
   8          #define F500KHz    (65536-FOSC/4/500000)
   9          sbit datain=P2;
  10          sbit OE=P2^4;
  11          sbit EOC=P2^5;
  12          
  13          sbit START=P2^6;
  14          sbit P2_0 = P2^0;
  15          sbit P2_1 = P2^1;
  16          sbit P2_3 = P2^3;
  17          sbit P2_2 = P2^2;
  18          sbit led2=P1^1;
  19          sbit led3=P1^2;
  20          sbit led4=P1^3;
  21          float V_F;
  22          int V;
  23          UCHAR I_0,F_0,F_1;
  24          sfr T2MOD = 0xc9;                   //timer2 mode register
  25          unsigned char code table[]={0xc0,0xf9,0xa4,0xb0,0x99,0x92,0x82,
  26                                  0xf8,0x80,0x90};
  27          
  28          
  29          void dprint(UCHAR num0,UCHAR num1,UCHAR num2,UCHAR num3){
  30   1      //it works.
  31   1              P0=table[num0];
  32   1              P2_0=0;
  33   1              P2_0=1;
  34   1              
  35   1              P0=(table[num1]& 0x7f);
  36   1              P2_1=0;
  37   1              P2_1=1;
  38   1              
  39   1              P0=table[num2];
  40   1              P2_2=0;
  41   1              P2_2=1;
  42   1              
  43   1              P0=table[num3];
  44   1              P2_3=0;
  45   1              P2_3=1;
  46   1              
  47   1      }
  48          void main(){
  49   1          T2MOD = 0x02;                   //enable timer2 output clock
  50   1          RCAP2L = TL2 = F500KHz;        //initial timer2 low byte
  51   1          RCAP2H = TH2 = F500KHz >> 8;   //initial timer2 high byte
  52   1          TR2 = 1;                        //timer2 start running
  53   1          EA = 1;                         //open global interrupt switch
  54   1      
  55   1      while(1){
C51 COMPILER V9.50a   ADC0809                                                              12/15/2016 09:38:55 PAGE 2   

  56   2              START=0;
  57   2              START=1;
  58   2              START=0;
  59   2              led2=0;
  60   2              while(EOC==0);
  61   2              led3=0;
  62   2              OE=1;
  63   2              V_F=P3*1.96078;
  64   2              led4=P3;
  65   2              V=V_F;
  66   2              F_0=V%10;
  67   2              V=(int)V/10;
  68   2              F_1=V%10;
  69   2              V=(int)V/10;
  70   2              I_0=V%10;
  71   2      
  72   2              dprint(0,I_0,F_1,F_0);
  73   2              led2=1;led3=1;
  74   2              
  75   2              OE=0;
  76   2      }
  77   1              
  78   1      }
  79          
  80                  
  81                  
  82                  


MODULE INFORMATION:   STATIC OVERLAYABLE
   CODE SIZE        =    186    ----
   CONSTANT SIZE    =     10    ----
   XDATA SIZE       =   ----    ----
   PDATA SIZE       =   ----    ----
   DATA SIZE        =      9       4
   IDATA SIZE       =   ----    ----
   BIT SIZE         =   ----    ----
END OF MODULE INFORMATION.


C51 COMPILATION COMPLETE.  0 WARNING(S),  0 ERROR(S)
