C51 COMPILER V9.50a   PWM_LED                                                              11/30/2016 21:18:17 PAGE 1   


C51 COMPILER V9.50a, COMPILATION OF MODULE PWM_LED
OBJECT MODULE PLACED IN PWM_LED.OBJ
COMPILER INVOKED BY: D:\Keil\C51\BIN\C51.EXE PWM_LED.c BROWSE DEBUG OBJECTEXTEND

line level    source

   1          /*
   2          PWM LED呼吸灯
   3          16/11/30
   4          抛弃原来错误的方法
   5          采用定时器中断
   6          */
   7          /*中断号 0,2为外部中断 1,3为定时器中断 4为串口中断 
   8          即：
   9          0       INT0
  10          1       T0
  11          2       INT1
  12          3       T1
  13          4       serial 
  14          
  15          TCON:D7-D0                      D3
  16                  TF1 TR1 TF0     TR0     IE1     IT1     IE0     IT0
  17          IE      :D7-D0                  
  18                  EA                      ES      ET1     EX1     ET0     EX0
  19          TMOD:D7-D0
  20                  GATE    C/T M1  M0|     GATE    C/T     M1      M0
  21                                  T1                |                     T0
  22          
  23          */
  24          #define uint unsigned int
  25          #define uchar unsigned char
  26          #include<reg52.h>
  27          sbit led0=P1^0;
  28          sbit led1=P1^1;
  29          sbit led2=P1^2;
  30          sbit led3=P1^3;
  31          sbit led4=P1^4;
  32          sbit led5=P1^5;
  33          sbit led6=P1^6;
  34          sbit led7=P1^7;
  35          static count=0;
  36          static count_CB=0;
  37          static time_PWM=0;
  38          void Timer0Init(void)           //5微秒@11.0592MHz
  39          {
  40   1              //AUXR |= 0x80;         //定时器时钟1T模式
  41   1              TMOD &= 0xF0;           //设置定时器模式
  42   1              TMOD |= 0x01;           //设置定时器模式
  43   1              TL0 = 0xFB;             //设置定时初值
  44   1              TH0 = 0xFF;             //设置定时初值
  45   1              TF0 = 0;                //清除TF0标志
  46   1              TR0 = 1;                //定时器0开始计时
  47   1      }
  48          void delay(uint sec){
  49   1              
  50   1              while(sec--);
  51   1      
  52   1      }
  53          
  54          void timer0() interrupt 1{
  55   1              
C51 COMPILER V9.50a   PWM_LED                                                              11/30/2016 21:18:17 PAGE 2   

  56   1              //因为定时器在溢出后寄存器中的初值寄存器自动归零，
  57   1              //所以需要重新赋值才能有想要的延时      
  58   1              TL0 = 0xFB;             //设置定时初值
  59   1              TH0 = 0xFF;             //设置定时初值
  60   1                      count++;
  61   1                      count_CB++;
  62   1              if (count==time_PWM ){
  63   2                      P1=~P1;}
  64   1              if (count==500){
  65   2                      P1=~P1;
  66   2                      count=0;
  67   2              }
  68   1              if(count_CB == 25)//如果过了50*20us则改变亮度
  69   1              {
  70   2                      count_CB = 0;
  71   2                      time_PWM ++;
  72   2              }
  73   1              if (time_PWM == 499){
  74   2                      time_PWM=1;
  75   2      
  76   2              }
  77   1      }
  78          
  79          
  80          void main()
  81          {
  82   1              
  83   1              Timer0Init();
  84   1              //初始化定时器
  85   1              EA=1;
  86   1              //允许中中断
  87   1              ET0=1;
  88   1              //允许定时器中断
  89   1              led0=0;
  90   1              led2=0;
  91   1              led4=0;led6=0;
  92   1              while(1);
  93   1              
  94   1              
  95   1      }


MODULE INFORMATION:   STATIC OVERLAYABLE
   CODE SIZE        =    144    ----
   CONSTANT SIZE    =   ----    ----
   XDATA SIZE       =   ----    ----
   PDATA SIZE       =   ----    ----
   DATA SIZE        =      6    ----
   IDATA SIZE       =   ----    ----
   BIT SIZE         =   ----    ----
END OF MODULE INFORMATION.


C51 COMPILATION COMPLETE.  0 WARNING(S),  0 ERROR(S)
