C51 COMPILER V9.50a   DS18B20_DIGITAL                                                      12/10/2016 12:43:22 PAGE 1   


C51 COMPILER V9.50a, COMPILATION OF MODULE DS18B20_DIGITAL
OBJECT MODULE PLACED IN ds18b20_digital.OBJ
COMPILER INVOKED BY: D:\Keil\C51\BIN\C51.EXE ds18b20_digital.c BROWSE DEBUG OBJECTEXTEND

line level    source

   1          #include<reg52.h>
   2          #include <intrins.h>  //use for _nop_()
   3          #define uchar unsigned char
   4          #define uint unsigned int
   5          #define sint short int
   6          sbit led0=P1^0;
   7          sbit led1=P1^1;
   8          sbit led2=P1^2;
   9          sbit led3=P1^3;
  10          sbit led4=P1^4;
  11          sbit led5=P1^5;
  12          sbit led6=P1^6;
  13          sbit led7=P1^7;
  14          
  15          sbit P2_3 = P2^3;
  16          sbit P2_2 = P2^2;
  17          sbit P2_1 = P2^1;
  18          sbit P2_0 = P2^0;
  19          uchar I_1,I_0,F_1,F_0;
  20          unsigned char code table[]={0xc0,0xf9,0xa4,0xb0,0x99,0x92,0x82,
  21                                  0xf8,0x80,0x90,0xff,0xbf};
  22          sbit DQ=P2^6; //数据传输线接单片机的相应的引脚 
  23          unsigned char tempL=0; //设全局变量
  24          unsigned char tempH=0; 
  25          unsigned int sdata;//测量到的温度的整数部分
  26          unsigned char xiaoshu1;//小数第一位
  27          unsigned char xiaoshu2;//小数第二位
  28          unsigned char xiaoshu;//两位小数
  29          char  fg=1;        //温度正负标志
  30          
  31          
  32          
  33          //******************延时子程序 *******************************
  34          
  35          //这个延时程序的具体延时时间是time=i*8+10,适用于小于2ms的延时
  36          
  37          //************************************************************
  38          void delay(unsigned char i)
  39          {
  40   1       for(i;i>0;i--);
  41   1      }
  42          
  43          
  44          //***********************************************************
  45          
  46          //                     延时子程序
  47          
  48          //************************************************************
  49          void delay1ms()
  50          {
  51   1       unsigned char i;
  52   1       for(i=124;i>0;i--);  //延时124*8+10=1002us
  53   1      }
  54          
  55          
C51 COMPILER V9.50a   DS18B20_DIGITAL                                                      12/10/2016 12:43:22 PAGE 2   

  56          
  57          //*****************************初始化程序 *********************************//
  58          
  59          void Init_DS18B20(void) 
  60          {
  61   1      
  62   1       DQ=1; //DQ先置高 
  63   1       delay(8); //稍延时
  64   1       DQ=0; //发送复位脉冲 
  65   1       delay(80); //延时（>480us) 
  66   1       DQ=1; //拉高数据线 
  67   1       delay(5); //等待（15~60us)
  68   1       delay(20); 
  69   1      } 
  70          
  71          
  72          //**********读一个字节************//
  73          
  74          ReadOneChar(void)  
  75          {
  76   1      unsigned char i=0; 
  77   1      unsigned char dat=0; 
  78   1      for (i=8;i>0;i--) //一个字节有8位 
  79   1      {
  80   2       DQ=1; 
  81   2       delay(1); 
  82   2       DQ=0;
  83   2       dat>>=1; 
  84   2       DQ=1; 
  85   2       if(DQ) 
  86   2       dat|=0x80; 
  87   2       delay(4);
  88   2      } 
  89   1      return(dat);
  90   1      } 
  91          
  92          
  93          
  94          //*********************** **写一个字节**************************//
  95          
  96          void WriteOneChar(unsigned char dat) 
  97          { 
  98   1        unsigned char i=0; 
  99   1        for(i=8;i>0;i--) 
 100   1        {
 101   2         DQ=0;
 102   2         DQ=dat&0x01; 
 103   2         delay(5); 
 104   2         DQ=1; 
 105   2         dat>>=1;
 106   2        } 
 107   1        delay(4);
 108   1      } 
 109          
 110          
 111          //读温度值（低位放tempL;高位放tempH;）
 112          void ReadTemperature(void) 
 113          { 
 114   1       Init_DS18B20(); //初始化
 115   1       WriteOneChar(0xcc); //跳过读序列号的操作
 116   1       WriteOneChar(0x44); //启动温度转换
 117   1       delay(125); 
C51 COMPILER V9.50a   DS18B20_DIGITAL                                                      12/10/2016 12:43:22 PAGE 3   

 118   1       Init_DS18B20(); 
 119   1       WriteOneChar(0xcc); //跳过读序列号的操作 
 120   1       WriteOneChar(0xbe);  
 121   1       tempL=ReadOneChar(); 
 122   1       tempH=ReadOneChar(); 
 123   1        
 124   1                      if(tempH>0x7f)      //最高位为1时温度是负
 125   1                      {
 126   2                       tempL=~tempL;         //补码转换，取反加一
 127   2                       tempH=~tempH+1;       
 128   2                       fg=1;      
 129   2             }else fg=0;
 130   1                      sdata = tempL/16+tempH*16;      //整数部分
 131   1                      xiaoshu1 = (tempL&0x0f)*10/16; //小数第一位
 132   1                      xiaoshu2 = (tempL&0x0f)*100/16%10;//小数第二位
 133   1                      //xiaoshu=xiaoshu1*10+xiaoshu2; //小数两位
 134   1                      I_0=sdata%10;
 135   1                      I_1=sdata/10;
 136   1                      F_1=xiaoshu1;
 137   1                      }
 138          void dprint(uchar num0,uchar num1,uchar num2,uchar num3){
 139   1      //it works.
 140   1              P0=table[num0];
 141   1              P2_0=0;
 142   1              delay1ms();
 143   1              P2_0=1;
 144   1              
 145   1              P0=table[num1];
 146   1              P2_1=0;
 147   1              delay1ms();
 148   1              P2_1=1;
 149   1              
 150   1              P0=(table[num2]& 0x7f);
 151   1              P2_2=0;
 152   1              delay1ms();
 153   1              P2_2=1;
 154   1              
 155   1              P0=table[num3];
 156   1              P2_3=0;
 157   1              delay1ms();
 158   1              P2_3=1;
 159   1              
 160   1      }
 161          
 162          void main(){
 163   1              
 164   1              
 165   1              while(1){
 166   2                      ReadTemperature();
 167   2                      led0=I_1;
 168   2                      led1=I_0;
 169   2                      led2=F_1;
 170   2                      led3=tempH;
 171   2                      led4=tempL;
 172   2      
 173   2                      dprint(fg+10,I_1,I_0,F_1);
 174   2                      //Delay500us();
 175   2                      
 176   2              }
 177   1              
 178   1              
 179   1      }
C51 COMPILER V9.50a   DS18B20_DIGITAL                                                      12/10/2016 12:43:22 PAGE 4   



MODULE INFORMATION:   STATIC OVERLAYABLE
   CODE SIZE        =    372    ----
   CONSTANT SIZE    =     12    ----
   XDATA SIZE       =   ----    ----
   PDATA SIZE       =   ----    ----
   DATA SIZE        =     12       4
   IDATA SIZE       =   ----    ----
   BIT SIZE         =   ----    ----
END OF MODULE INFORMATION.


C51 COMPILATION COMPLETE.  0 WARNING(S),  0 ERROR(S)
